# JRE version: OpenJDK Runtime Environment Temurin-21.0.10+7 (21.0.10+7) (build 21.0.10+7-LTS)
# Java VM: OpenJDK 64-Bit Server VM Temurin-21.0.10+7 (21.0.10+7-LTS, mixed mode, sharing, tiered, compressed oops, compressed class ptrs, parallel gc, windows-amd64)
GC Precious Log:
 CardTable entry size: 512
 CPUs: 12 total, 12 available
 Memory: 16068M
 Large Page Support: Disabled
 NUMA Support: Disabled
 Compressed Oops: Enabled (32-bit)
 Alignments: Space 512K, Generation 512K, Heap 2M
 Heap Min Capacity: 100M
 Heap Initial Capacity: 100M
 Heap Max Capacity: 2G
 Pre-touch: Disabled
 Parallel Workers: 10
Heap:
 PSYoungGen      total 4608K, used 2502K [0x00000000d5580000, 0x00000000d5b00000, 0x0000000100000000)
  eden space 3584K, 54% used [0x00000000d5580000,0x00000000d5769b80,0x00000000d5900000)
  from space 1024K, 53% used [0x00000000d5a00000,0x00000000d5a88000,0x00000000d5b00000)
  to   space 1024K, 0% used [0x00000000d5900000,0x00000000d5900000,0x00000000d5a00000)
 ParOldGen       total 1016832K, used 1016388K [0x0000000080000000, 0x00000000be100000, 0x00000000d5580000)
  object space 1016832K, 99% used [0x0000000080000000,0x00000000be091130,0x00000000be100000)
 Metaspace       used 84151K, committed 85696K, reserved 1179648K
  class space    used 8187K, committed 8896K, reserved 1048576K
GC Heap History (20 events):
Event: 27166.421 GC heap before
{Heap before GC invocations=5905 (full 7):
 PSYoungGen      total 5120K, used 4571K [0x00000000d5580000, 0x00000000d5d00000, 0x0000000100000000)
  eden space 2560K, 100% used [0x00000000d5580000,0x00000000d5800000,0x00000000d5800000)
  from space 2560K, 78% used [0x00000000d5a80000,0x00000000d5c76fd8,0x00000000d5d00000)
  to   space 2560K, 0% used [0x00000000d5800000,0x00000000d5800000,0x00000000d5a80000)
 ParOldGen       total 1012224K, used 1011898K [0x0000000080000000, 0x00000000bdc80000, 0x00000000d5580000)
  object space 1012224K, 99% used [0x0000000080000000,0x00000000bdc2e9b0,0x00000000bdc80000)
 Metaspace       used 84145K, committed 85696K, reserved 1179648K
  class space    used 8187K, committed 8896K, reserved 1048576K
}
Event: 27166.426 GC heap after
{Heap after GC invocations=5905 (full 7):
 PSYoungGen      total 3584K, used 544K [0x00000000d5580000, 0x00000000d5b00000, 0x0000000100000000)
  eden space 2560K, 0% used [0x00000000d5580000,0x00000000d5580000,0x00000000d5800000)
  from space 1024K, 53% used [0x00000000d5800000,0x00000000d5888000,0x00000000d5900000)
  to   space 1536K, 0% used [0x00000000d5980000,0x00000000d5980000,0x00000000d5b00000)
 ParOldGen       total 1014272K, used 1013819K [0x0000000080000000, 0x00000000bde80000, 0x00000000d5580000)
  object space 1014272K, 99% used [0x0000000080000000,0x00000000bde0ece0,0x00000000bde80000)
 Metaspace       used 84145K, committed 85696K, reserved 1179648K
  class space    used 8187K, committed 8896K, reserved 1048576K
}
Event: 27166.434 GC heap before
{Heap before GC invocations=5906 (full 7):
 PSYoungGen      total 3584K, used 3104K [0x00000000d5580000, 0x00000000d5b00000, 0x0000000100000000)
  eden space 2560K, 100% used [0x00000000d5580000,0x00000000d5800000,0x00000000d5800000)
  from space 1024K, 53% used [0x00000000d5800000,0x00000000d5888000,0x00000000d5900000)
  to   space 1536K, 0% used [0x00000000d5980000,0x00000000d5980000,0x00000000d5b00000)
 ParOldGen       total 1014272K, used 1013819K [0x0000000080000000, 0x00000000bde80000, 0x00000000d5580000)
  object space 1014272K, 99% used [0x0000000080000000,0x00000000bde0ece0,0x00000000bde80000)
 Metaspace       used 84145K, committed 85696K, reserved 1179648K
  class space    used 8187K, committed 8896K, reserved 1048576K
}
Event: 27166.437 GC heap after
{Heap after GC invocations=5906 (full 7):
 PSYoungGen      total 3072K, used 352K [0x00000000d5580000, 0x00000000d5a00000, 0x0000000100000000)
  eden space 2560K, 0% used [0x00000000d5580000,0x00000000d5580000,0x00000000d5800000)
  from space 512K, 68% used [0x00000000d5980000,0x00000000d59d8000,0x00000000d5a00000)
  to   space 1024K, 0% used [0x00000000d5800000,0x00000000d5800000,0x00000000d5900000)
 ParOldGen       total 1014272K, used 1014219K [0x0000000080000000, 0x00000000bde80000, 0x00000000d5580000)
  object space 1014272K, 99% used [0x0000000080000000,0x00000000bde72d00,0x00000000bde80000)
 Metaspace       used 84145K, committed 85696K, reserved 1179648K
  class space    used 8187K, committed 8896K, reserved 1048576K
}
Event: 27166.445 GC heap before
{Heap before GC invocations=5907 (full 7):
 PSYoungGen      total 3072K, used 2912K [0x00000000d5580000, 0x00000000d5a00000, 0x0000000100000000)
  eden space 2560K, 100% used [0x00000000d5580000,0x00000000d5800000,0x00000000d5800000)
  from space 512K, 68% used [0x00000000d5980000,0x00000000d59d8000,0x00000000d5a00000)
  to   space 1024K, 0% used [0x00000000d5800000,0x00000000d5800000,0x00000000d5900000)
 ParOldGen       total 1014272K, used 1014219K [0x0000000080000000, 0x00000000bde80000, 0x00000000d5580000)
  object space 1014272K, 99% used [0x0000000080000000,0x00000000bde72d00,0x00000000bde80000)
 Metaspace       used 84145K, committed 85696K, reserved 1179648K
  class space    used 8187K, committed 8896K, reserved 1048576K
}
Event: 27166.448 GC heap after
{Heap after GC invocations=5907 (full 7):
 PSYoungGen      total 3584K, used 304K [0x00000000d5580000, 0x00000000d5a00000, 0x0000000100000000)
  eden space 2560K, 0% used [0x00000000d5580000,0x00000000d5580000,0x00000000d5800000)
  from space 1024K, 29% used [0x00000000d5800000,0x00000000d584c010,0x00000000d5900000)
  to   space 512K, 0% used [0x00000000d5980000,0x00000000d5980000,0x00000000d5a00000)
 ParOldGen       total 1014784K, used 1014435K [0x0000000080000000, 0x00000000bdf00000, 0x00000000d5580000)
  object space 1014784K, 99% used [0x0000000080000000,0x00000000bdea8d20,0x00000000bdf00000)
 Metaspace       used 84145K, committed 85696K, reserved 1179648K
  class space    used 8187K, committed 8896K, reserved 1048576K
}
Event: 27166.458 GC heap before
{Heap before GC invocations=5908 (full 7):
 PSYoungGen      total 3584K, used 2864K [0x00000000d5580000, 0x00000000d5a00000, 0x0000000100000000)
  eden space 2560K, 100% used [0x00000000d5580000,0x00000000d5800000,0x00000000d5800000)
  from space 1024K, 29% used [0x00000000d5800000,0x00000000d584c010,0x00000000d5900000)
  to   space 512K, 0% used [0x00000000d5980000,0x00000000d5980000,0x00000000d5a00000)
 ParOldGen       total 1014784K, used 1014435K [0x0000000080000000, 0x00000000bdf00000, 0x00000000d5580000)
  object space 1014784K, 99% used [0x0000000080000000,0x00000000bdea8d20,0x00000000bdf00000)
 Metaspace       used 84145K, committed 85696K, reserved 1179648K
  class space    used 8187K, committed 8896K, reserved 1048576K
}
Event: 27166.461 GC heap after
{Heap after GC invocations=5908 (full 7):
 PSYoungGen      total 3584K, used 416K [0x00000000d5580000, 0x00000000d5a00000, 0x0000000100000000)
  eden space 3072K, 0% used [0x00000000d5580000,0x00000000d5580000,0x00000000d5880000)
  from space 512K, 81% used [0x00000000d5980000,0x00000000d59e8020,0x00000000d5a00000)
  to   space 512K, 0% used [0x00000000d5900000,0x00000000d5900000,0x00000000d5980000)
 ParOldGen       total 1014784K, used 1014611K [0x0000000080000000, 0x00000000bdf00000, 0x00000000d5580000)
  object space 1014784K, 99% used [0x0000000080000000,0x00000000bded4d20,0x00000000bdf00000)
 Metaspace       used 84145K, committed 85696K, reserved 1179648K
  class space    used 8187K, committed 8896K, reserved 1048576K
}
Event: 27166.477 GC heap before
{Heap before GC invocations=5909 (full 7):
 PSYoungGen      total 3584K, used 3488K [0x00000000d5580000, 0x00000000d5a00000, 0x0000000100000000)
  eden space 3072K, 100% used [0x00000000d5580000,0x00000000d5880000,0x00000000d5880000)
  from space 512K, 81% used [0x00000000d5980000,0x00000000d59e8020,0x00000000d5a00000)
  to   space 512K, 0% used [0x00000000d5900000,0x00000000d5900000,0x00000000d5980000)
 ParOldGen       total 1014784K, used 1014611K [0x0000000080000000, 0x00000000bdf00000, 0x00000000d5580000)
  object space 1014784K, 99% used [0x0000000080000000,0x00000000bded4d20,0x00000000bdf00000)
 Metaspace       used 84145K, committed 85696K, reserved 1179648K
  class space    used 8187K, committed 8896K, reserved 1048576K
}
Event: 27166.481 GC heap after
{Heap after GC invocations=5909 (full 7):
 PSYoungGen      total 4096K, used 448K [0x00000000d5580000, 0x00000000d5a80000, 0x0000000100000000)
  eden space 3584K, 0% used [0x00000000d5580000,0x00000000d5580000,0x00000000d5900000)
  from space 512K, 87% used [0x00000000d5900000,0x00000000d5970000,0x00000000d5980000)
  to   space 512K, 0% used [0x00000000d5a00000,0x00000000d5a00000,0x00000000d5a80000)
 ParOldGen       total 1015296K, used 1014923K [0x0000000080000000, 0x00000000bdf80000, 0x00000000d5580000)
  object space 1015296K, 99% used [0x0000000080000000,0x00000000bdf22d40,0x00000000bdf80000)
 Metaspace       used 84145K, committed 85696K, reserved 1179648K
  class space    used 8187K, committed 8896K, reserved 1048576K
}
Event: 27166.501 GC heap before
{Heap before GC invocations=5910 (full 7):
 PSYoungGen      total 4096K, used 4032K [0x00000000d5580000, 0x00000000d5a80000, 0x0000000100000000)
  eden space 3584K, 100% used [0x00000000d5580000,0x00000000d5900000,0x00000000d5900000)
  from space 512K, 87% used [0x00000000d5900000,0x00000000d5970000,0x00000000d5980000)
  to   space 512K, 0% used [0x00000000d5a00000,0x00000000d5a00000,0x00000000d5a80000)
 ParOldGen       total 1015296K, used 1014923K [0x0000000080000000, 0x00000000bdf80000, 0x00000000d5580000)
  object space 1015296K, 99% used [0x0000000080000000,0x00000000bdf22d40,0x00000000bdf80000)
 Metaspace       used 84145K, committed 85696K, reserved 1179648K
  class space    used 8187K, committed 8896K, reserved 1048576K
}
Event: 27166.504 GC heap after
{Heap after GC invocations=5910 (full 7):
 PSYoungGen      total 4096K, used 448K [0x00000000d5580000, 0x00000000d5a80000, 0x0000000100000000)
  eden space 3584K, 0% used [0x00000000d5580000,0x00000000d5580000,0x00000000d5900000)
  from space 512K, 87% used [0x00000000d5a00000,0x00000000d5a70000,0x00000000d5a80000)
  to   space 512K, 0% used [0x00000000d5900000,0x00000000d5900000,0x00000000d5980000)
 ParOldGen       total 1015296K, used 1015195K [0x0000000080000000, 0x00000000bdf80000, 0x00000000d5580000)
  object space 1015296K, 99% used [0x0000000080000000,0x00000000bdf66d60,0x00000000bdf80000)
 Metaspace       used 84145K, committed 85696K, reserved 1179648K
  class space    used 8187K, committed 8896K, reserved 1048576K
}
Event: 27166.523 GC heap before
{Heap before GC invocations=5911 (full 7):
 PSYoungGen      total 4096K, used 4032K [0x00000000d5580000, 0x00000000d5a80000, 0x0000000100000000)
  eden space 3584K, 100% used [0x00000000d5580000,0x00000000d5900000,0x00000000d5900000)
  from space 512K, 87% used [0x00000000d5a00000,0x00000000d5a70000,0x00000000d5a80000)
  to   space 512K, 0% used [0x00000000d5900000,0x00000000d5900000,0x00000000d5980000)
 ParOldGen       total 1015296K, used 1015195K [0x0000000080000000, 0x00000000bdf80000, 0x00000000d5580000)
  object space 1015296K, 99% used [0x0000000080000000,0x00000000bdf66d60,0x00000000bdf80000)
 Metaspace       used 84145K, committed 85696K, reserved 1179648K
  class space    used 8187K, committed 8896K, reserved 1048576K
}
Event: 27166.527 GC heap after
{Heap after GC invocations=5911 (full 7):
 PSYoungGen      total 4096K, used 480K [0x00000000d5580000, 0x00000000d5a80000, 0x0000000100000000)
  eden space 3584K, 0% used [0x00000000d5580000,0x00000000d5580000,0x00000000d5900000)
  from space 512K, 93% used [0x00000000d5900000,0x00000000d5978000,0x00000000d5980000)
  to   space 512K, 0% used [0x00000000d5a00000,0x00000000d5a00000,0x00000000d5a80000)
 ParOldGen       total 1015808K, used 1015552K [0x0000000080000000, 0x00000000be000000, 0x00000000d5580000)
  object space 1015808K, 99% used [0x0000000080000000,0x00000000bdfc0070,0x00000000be000000)
 Metaspace       used 84145K, committed 85696K, reserved 1179648K
  class space    used 8187K, committed 8896K, reserved 1048576K
}
Event: 27166.539 GC heap before
{Heap before GC invocations=5912 (full 7):
 PSYoungGen      total 4096K, used 4064K [0x00000000d5580000, 0x00000000d5a80000, 0x0000000100000000)
  eden space 3584K, 100% used [0x00000000d5580000,0x00000000d5900000,0x00000000d5900000)
  from space 512K, 93% used [0x00000000d5900000,0x00000000d5978000,0x00000000d5980000)
  to   space 512K, 0% used [0x00000000d5a00000,0x00000000d5a00000,0x00000000d5a80000)
 ParOldGen       total 1015808K, used 1015552K [0x0000000080000000, 0x00000000be000000, 0x00000000d5580000)
  object space 1015808K, 99% used [0x0000000080000000,0x00000000bdfc0070,0x00000000be000000)
 Metaspace       used 84145K, committed 85696K, reserved 1179648K
  class space    used 8187K, committed 8896K, reserved 1048576K
}
Event: 27166.542 GC heap after
{Heap after GC invocations=5912 (full 7):
 PSYoungGen      total 4096K, used 336K [0x00000000d5580000, 0x00000000d5a80000, 0x0000000100000000)
  eden space 3584K, 0% used [0x00000000d5580000,0x00000000d5580000,0x00000000d5900000)
  from space 512K, 65% used [0x00000000d5a00000,0x00000000d5a54010,0x00000000d5a80000)
  to   space 512K, 0% used [0x00000000d5900000,0x00000000d5900000,0x00000000d5980000)
 ParOldGen       total 1016320K, used 1015860K [0x0000000080000000, 0x00000000be080000, 0x00000000d5580000)
  object space 1016320K, 99% used [0x0000000080000000,0x00000000be00d110,0x00000000be080000)
 Metaspace       used 84145K, committed 85696K, reserved 1179648K
  class space    used 8187K, committed 8896K, reserved 1048576K
}
Event: 27166.562 GC heap before
{Heap before GC invocations=5913 (full 7):
 PSYoungGen      total 4096K, used 3920K [0x00000000d5580000, 0x00000000d5a80000, 0x0000000100000000)
  eden space 3584K, 100% used [0x00000000d5580000,0x00000000d5900000,0x00000000d5900000)
  from space 512K, 65% used [0x00000000d5a00000,0x00000000d5a54010,0x00000000d5a80000)
  to   space 512K, 0% used [0x00000000d5900000,0x00000000d5900000,0x00000000d5980000)
 ParOldGen       total 1016320K, used 1015860K [0x0000000080000000, 0x00000000be080000, 0x00000000d5580000)
  object space 1016320K, 99% used [0x0000000080000000,0x00000000be00d110,0x00000000be080000)
 Metaspace       used 84146K, committed 85696K, reserved 1179648K
  class space    used 8187K, committed 8896K, reserved 1048576K
}
Event: 27166.566 GC heap after
{Heap after GC invocations=5913 (full 7):
 PSYoungGen      total 4096K, used 512K [0x00000000d5580000, 0x00000000d5b00000, 0x0000000100000000)
  eden space 3584K, 0% used [0x00000000d5580000,0x00000000d5580000,0x00000000d5900000)
  from space 512K, 100% used [0x00000000d5900000,0x00000000d5980000,0x00000000d5980000)
  to   space 1024K, 0% used [0x00000000d5a00000,0x00000000d5a00000,0x00000000d5b00000)
 ParOldGen       total 1016320K, used 1016068K [0x0000000080000000, 0x00000000be080000, 0x00000000d5580000)
  object space 1016320K, 99% used [0x0000000080000000,0x00000000be041130,0x00000000be080000)
 Metaspace       used 84146K, committed 85696K, reserved 1179648K
  class space    used 8187K, committed 8896K, reserved 1048576K
}
Event: 27383.854 GC heap before
{Heap before GC invocations=5914 (full 7):
 PSYoungGen      total 4096K, used 4095K [0x00000000d5580000, 0x00000000d5b00000, 0x0000000100000000)
  eden space 3584K, 99% used [0x00000000d5580000,0x00000000d58fffc8,0x00000000d5900000)
  from space 512K, 100% used [0x00000000d5900000,0x00000000d5980000,0x00000000d5980000)
  to   space 1024K, 0% used [0x00000000d5a00000,0x00000000d5a00000,0x00000000d5b00000)
 ParOldGen       total 1016320K, used 1016068K [0x0000000080000000, 0x00000000be080000, 0x00000000d5580000)
  object space 1016320K, 99% used [0x0000000080000000,0x00000000be041130,0x00000000be080000)
 Metaspace       used 84149K, committed 85696K, reserved 1179648K
  class space    used 8187K, committed 8896K, reserved 1048576K
}
Event: 27383.859 GC heap after
{Heap after GC invocations=5914 (full 7):
 PSYoungGen      total 4608K, used 544K [0x00000000d5580000, 0x00000000d5b00000, 0x0000000100000000)
  eden space 3584K, 0% used [0x00000000d5580000,0x00000000d5580000,0x00000000d5900000)
  from space 1024K, 53% used [0x00000000d5a00000,0x00000000d5a88000,0x00000000d5b00000)
  to   space 1024K, 0% used [0x00000000d5900000,0x00000000d5900000,0x00000000d5a00000)
 ParOldGen       total 1016832K, used 1016388K [0x0000000080000000, 0x00000000be100000, 0x00000000d5580000)
  object space 1016832K, 99% used [0x0000000080000000,0x00000000be091130,0x00000000be100000)
 Metaspace       used 84149K, committed 85696K, reserved 1179648K
  class space    used 8187K, committed 8896K, reserved 1048576K
}

