# JRE version: OpenJDK Runtime Environment Temurin-21.0.10+7 (21.0.10+7) (build 21.0.10+7-LTS)
# Java VM: OpenJDK 64-Bit Server VM Temurin-21.0.10+7 (21.0.10+7-LTS, mixed mode, sharing, tiered, compressed oops, compressed class ptrs, parallel gc, windows-amd64)
GC Precious Log:
 CardTable entry size: 512
 CPUs: 12 total, 12 available
 Memory: 16068M
 Large Page Support: Disabled
 NUMA Support: Disabled
 Compressed Oops: Enabled (32-bit)
 Alignments: Space 512K, Generation 512K, Heap 2M
 Heap Min Capacity: 100M
 Heap Initial Capacity: 100M
 Heap Max Capacity: 2G
 Pre-touch: Disabled
 Parallel Workers: 10
Heap:
 PSYoungGen      total 2560K, used 1068K [0x00000000d5580000, 0x00000000d5900000, 0x0000000100000000)
  eden space 2048K, 33% used [0x00000000d5580000,0x00000000d562b0d0,0x00000000d5780000)
  from space 512K, 75% used [0x00000000d5880000,0x00000000d58e0000,0x00000000d5900000)
  to   space 512K, 0% used [0x00000000d5800000,0x00000000d5800000,0x00000000d5880000)
 ParOldGen       total 270336K, used 80178K [0x0000000080000000, 0x0000000090800000, 0x00000000d5580000)
  object space 270336K, 29% used [0x0000000080000000,0x0000000084e4c970,0x0000000090800000)
 Metaspace       used 70468K, committed 72192K, reserved 1114112K
  class space    used 7109K, committed 7872K, reserved 1048576K
GC Heap History (20 events):
Event: 237.194 GC heap before
{Heap before GC invocations=637 (full 4):
 PSYoungGen      total 2560K, used 2272K [0x00000000d5580000, 0x00000000d5900000, 0x0000000100000000)
  eden space 2048K, 100% used [0x00000000d5580000,0x00000000d5780000,0x00000000d5780000)
  from space 512K, 43% used [0x00000000d5880000,0x00000000d58b8000,0x00000000d5900000)
  to   space 512K, 0% used [0x00000000d5800000,0x00000000d5800000,0x00000000d5880000)
 ParOldGen       total 270336K, used 78531K [0x0000000080000000, 0x0000000090800000, 0x00000000d5580000)
  object space 270336K, 29% used [0x0000000080000000,0x0000000084cb0c50,0x0000000090800000)
 Metaspace       used 69929K, committed 71616K, reserved 1114112K
  class space    used 7060K, committed 7744K, reserved 1048576K
}
Event: 237.195 GC heap after
{Heap after GC invocations=637 (full 4):
 PSYoungGen      total 2560K, used 288K [0x00000000d5580000, 0x00000000d5900000, 0x0000000100000000)
  eden space 2048K, 0% used [0x00000000d5580000,0x00000000d5580000,0x00000000d5780000)
  from space 512K, 56% used [0x00000000d5800000,0x00000000d5848000,0x00000000d5880000)
  to   space 512K, 0% used [0x00000000d5880000,0x00000000d5880000,0x00000000d5900000)
 ParOldGen       total 270336K, used 78587K [0x0000000080000000, 0x0000000090800000, 0x00000000d5580000)
  object space 270336K, 29% used [0x0000000080000000,0x0000000084cbec50,0x0000000090800000)
 Metaspace       used 69929K, committed 71616K, reserved 1114112K
  class space    used 7060K, committed 7744K, reserved 1048576K
}
Event: 237.236 GC heap before
{Heap before GC invocations=638 (full 4):
 PSYoungGen      total 2560K, used 2336K [0x00000000d5580000, 0x00000000d5900000, 0x0000000100000000)
  eden space 2048K, 100% used [0x00000000d5580000,0x00000000d5780000,0x00000000d5780000)
  from space 512K, 56% used [0x00000000d5800000,0x00000000d5848000,0x00000000d5880000)
  to   space 512K, 0% used [0x00000000d5880000,0x00000000d5880000,0x00000000d5900000)
 ParOldGen       total 270336K, used 78587K [0x0000000080000000, 0x0000000090800000, 0x00000000d5580000)
  object space 270336K, 29% used [0x0000000080000000,0x0000000084cbec50,0x0000000090800000)
 Metaspace       used 69930K, committed 71616K, reserved 1114112K
  class space    used 7060K, committed 7744K, reserved 1048576K
}
Event: 237.238 GC heap after
{Heap after GC invocations=638 (full 4):
 PSYoungGen      total 2560K, used 496K [0x00000000d5580000, 0x00000000d5980000, 0x0000000100000000)
  eden space 2048K, 0% used [0x00000000d5580000,0x00000000d5580000,0x00000000d5780000)
  from space 512K, 96% used [0x00000000d5880000,0x00000000d58fc010,0x00000000d5900000)
  to   space 1024K, 0% used [0x00000000d5780000,0x00000000d5780000,0x00000000d5880000)
 ParOldGen       total 270336K, used 78747K [0x0000000080000000, 0x0000000090800000, 0x00000000d5580000)
  object space 270336K, 29% used [0x0000000080000000,0x0000000084ce6c60,0x0000000090800000)
 Metaspace       used 69930K, committed 71616K, reserved 1114112K
  class space    used 7060K, committed 7744K, reserved 1048576K
}
Event: 237.264 GC heap before
{Heap before GC invocations=639 (full 4):
 PSYoungGen      total 2560K, used 2543K [0x00000000d5580000, 0x00000000d5980000, 0x0000000100000000)
  eden space 2048K, 99% used [0x00000000d5580000,0x00000000d577fec8,0x00000000d5780000)
  from space 512K, 96% used [0x00000000d5880000,0x00000000d58fc010,0x00000000d5900000)
  to   space 1024K, 0% used [0x00000000d5780000,0x00000000d5780000,0x00000000d5880000)
 ParOldGen       total 270336K, used 78747K [0x0000000080000000, 0x0000000090800000, 0x00000000d5580000)
  object space 270336K, 29% used [0x0000000080000000,0x0000000084ce6c60,0x0000000090800000)
 Metaspace       used 69932K, committed 71616K, reserved 1114112K
  class space    used 7060K, committed 7744K, reserved 1048576K
}
Event: 237.266 GC heap after
{Heap after GC invocations=639 (full 4):
 PSYoungGen      total 3072K, used 480K [0x00000000d5580000, 0x00000000d5980000, 0x0000000100000000)
  eden space 2048K, 0% used [0x00000000d5580000,0x00000000d5580000,0x00000000d5780000)
  from space 1024K, 46% used [0x00000000d5780000,0x00000000d57f8000,0x00000000d5880000)
  to   space 1024K, 0% used [0x00000000d5880000,0x00000000d5880000,0x00000000d5980000)
 ParOldGen       total 270336K, used 78979K [0x0000000080000000, 0x0000000090800000, 0x00000000d5580000)
  object space 270336K, 29% used [0x0000000080000000,0x0000000084d20c60,0x0000000090800000)
 Metaspace       used 69932K, committed 71616K, reserved 1114112K
  class space    used 7060K, committed 7744K, reserved 1048576K
}
Event: 237.323 GC heap before
{Heap before GC invocations=640 (full 4):
 PSYoungGen      total 3072K, used 2508K [0x00000000d5580000, 0x00000000d5980000, 0x0000000100000000)
  eden space 2048K, 99% used [0x00000000d5580000,0x00000000d577b358,0x00000000d5780000)
  from space 1024K, 46% used [0x00000000d5780000,0x00000000d57f8000,0x00000000d5880000)
  to   space 1024K, 0% used [0x00000000d5880000,0x00000000d5880000,0x00000000d5980000)
 ParOldGen       total 270336K, used 78979K [0x0000000080000000, 0x0000000090800000, 0x00000000d5580000)
  object space 270336K, 29% used [0x0000000080000000,0x0000000084d20c60,0x0000000090800000)
 Metaspace       used 69961K, committed 71616K, reserved 1114112K
  class space    used 7063K, committed 7744K, reserved 1048576K
}
Event: 237.324 GC heap after
{Heap after GC invocations=640 (full 4):
 PSYoungGen      total 2560K, used 288K [0x00000000d5580000, 0x00000000d5900000, 0x0000000100000000)
  eden space 2048K, 0% used [0x00000000d5580000,0x00000000d5580000,0x00000000d5780000)
  from space 512K, 56% used [0x00000000d5880000,0x00000000d58c8000,0x00000000d5900000)
  to   space 512K, 0% used [0x00000000d5800000,0x00000000d5800000,0x00000000d5880000)
 ParOldGen       total 270336K, used 79299K [0x0000000080000000, 0x0000000090800000, 0x00000000d5580000)
  object space 270336K, 29% used [0x0000000080000000,0x0000000084d70c60,0x0000000090800000)
 Metaspace       used 69961K, committed 71616K, reserved 1114112K
  class space    used 7063K, committed 7744K, reserved 1048576K
}
Event: 237.390 GC heap before
{Heap before GC invocations=641 (full 4):
 PSYoungGen      total 2560K, used 2336K [0x00000000d5580000, 0x00000000d5900000, 0x0000000100000000)
  eden space 2048K, 100% used [0x00000000d5580000,0x00000000d5780000,0x00000000d5780000)
  from space 512K, 56% used [0x00000000d5880000,0x00000000d58c8000,0x00000000d5900000)
  to   space 512K, 0% used [0x00000000d5800000,0x00000000d5800000,0x00000000d5880000)
 ParOldGen       total 270336K, used 79299K [0x0000000080000000, 0x0000000090800000, 0x00000000d5580000)
  object space 270336K, 29% used [0x0000000080000000,0x0000000084d70c60,0x0000000090800000)
 Metaspace       used 70068K, committed 71680K, reserved 1114112K
  class space    used 7075K, committed 7744K, reserved 1048576K
}
Event: 237.391 GC heap after
{Heap after GC invocations=641 (full 4):
 PSYoungGen      total 2560K, used 352K [0x00000000d5580000, 0x00000000d5900000, 0x0000000100000000)
  eden space 2048K, 0% used [0x00000000d5580000,0x00000000d5580000,0x00000000d5780000)
  from space 512K, 68% used [0x00000000d5800000,0x00000000d5858000,0x00000000d5880000)
  to   space 512K, 0% used [0x00000000d5880000,0x00000000d5880000,0x00000000d5900000)
 ParOldGen       total 270336K, used 79427K [0x0000000080000000, 0x0000000090800000, 0x00000000d5580000)
  object space 270336K, 29% used [0x0000000080000000,0x0000000084d90c60,0x0000000090800000)
 Metaspace       used 70068K, committed 71680K, reserved 1114112K
  class space    used 7075K, committed 7744K, reserved 1048576K
}
Event: 237.450 GC heap before
{Heap before GC invocations=642 (full 4):
 PSYoungGen      total 2560K, used 2399K [0x00000000d5580000, 0x00000000d5900000, 0x0000000100000000)
  eden space 2048K, 99% used [0x00000000d5580000,0x00000000d577ffe8,0x00000000d5780000)
  from space 512K, 68% used [0x00000000d5800000,0x00000000d5858000,0x00000000d5880000)
  to   space 512K, 0% used [0x00000000d5880000,0x00000000d5880000,0x00000000d5900000)
 ParOldGen       total 270336K, used 79427K [0x0000000080000000, 0x0000000090800000, 0x00000000d5580000)
  object space 270336K, 29% used [0x0000000080000000,0x0000000084d90c60,0x0000000090800000)
 Metaspace       used 70220K, committed 71808K, reserved 1114112K
  class space    used 7082K, committed 7744K, reserved 1048576K
}
Event: 237.452 GC heap after
{Heap after GC invocations=642 (full 4):
 PSYoungGen      total 2560K, used 325K [0x00000000d5580000, 0x00000000d5900000, 0x0000000100000000)
  eden space 2048K, 0% used [0x00000000d5580000,0x00000000d5580000,0x00000000d5780000)
  from space 512K, 63% used [0x00000000d5880000,0x00000000d58d1420,0x00000000d5900000)
  to   space 512K, 0% used [0x00000000d5800000,0x00000000d5800000,0x00000000d5880000)
 ParOldGen       total 270336K, used 79592K [0x0000000080000000, 0x0000000090800000, 0x00000000d5580000)
  object space 270336K, 29% used [0x0000000080000000,0x0000000084dba388,0x0000000090800000)
 Metaspace       used 70220K, committed 71808K, reserved 1114112K
  class space    used 7082K, committed 7744K, reserved 1048576K
}
Event: 237.791 GC heap before
{Heap before GC invocations=643 (full 4):
 PSYoungGen      total 2560K, used 2373K [0x00000000d5580000, 0x00000000d5900000, 0x0000000100000000)
  eden space 2048K, 100% used [0x00000000d5580000,0x00000000d5780000,0x00000000d5780000)
  from space 512K, 63% used [0x00000000d5880000,0x00000000d58d1420,0x00000000d5900000)
  to   space 512K, 0% used [0x00000000d5800000,0x00000000d5800000,0x00000000d5880000)
 ParOldGen       total 270336K, used 79592K [0x0000000080000000, 0x0000000090800000, 0x00000000d5580000)
  object space 270336K, 29% used [0x0000000080000000,0x0000000084dba388,0x0000000090800000)
 Metaspace       used 70231K, committed 71808K, reserved 1114112K
  class space    used 7082K, committed 7744K, reserved 1048576K
}
Event: 237.793 GC heap after
{Heap after GC invocations=643 (full 4):
 PSYoungGen      total 2560K, used 256K [0x00000000d5580000, 0x00000000d5900000, 0x0000000100000000)
  eden space 2048K, 0% used [0x00000000d5580000,0x00000000d5580000,0x00000000d5780000)
  from space 512K, 50% used [0x00000000d5800000,0x00000000d5840000,0x00000000d5880000)
  to   space 512K, 0% used [0x00000000d5880000,0x00000000d5880000,0x00000000d5900000)
 ParOldGen       total 270336K, used 79722K [0x0000000080000000, 0x0000000090800000, 0x00000000d5580000)
  object space 270336K, 29% used [0x0000000080000000,0x0000000084dda940,0x0000000090800000)
 Metaspace       used 70231K, committed 71808K, reserved 1114112K
  class space    used 7082K, committed 7744K, reserved 1048576K
}
Event: 238.127 GC heap before
{Heap before GC invocations=644 (full 4):
 PSYoungGen      total 2560K, used 2303K [0x00000000d5580000, 0x00000000d5900000, 0x0000000100000000)
  eden space 2048K, 99% used [0x00000000d5580000,0x00000000d577ffe0,0x00000000d5780000)
  from space 512K, 50% used [0x00000000d5800000,0x00000000d5840000,0x00000000d5880000)
  to   space 512K, 0% used [0x00000000d5880000,0x00000000d5880000,0x00000000d5900000)
 ParOldGen       total 270336K, used 79722K [0x0000000080000000, 0x0000000090800000, 0x00000000d5580000)
  object space 270336K, 29% used [0x0000000080000000,0x0000000084dda940,0x0000000090800000)
 Metaspace       used 70238K, committed 71808K, reserved 1114112K
  class space    used 7083K, committed 7744K, reserved 1048576K
}
Event: 238.128 GC heap after
{Heap after GC invocations=644 (full 4):
 PSYoungGen      total 2560K, used 288K [0x00000000d5580000, 0x00000000d5900000, 0x0000000100000000)
  eden space 2048K, 0% used [0x00000000d5580000,0x00000000d5580000,0x00000000d5780000)
  from space 512K, 56% used [0x00000000d5880000,0x00000000d58c8000,0x00000000d5900000)
  to   space 512K, 0% used [0x00000000d5800000,0x00000000d5800000,0x00000000d5880000)
 ParOldGen       total 270336K, used 79778K [0x0000000080000000, 0x0000000090800000, 0x00000000d5580000)
  object space 270336K, 29% used [0x0000000080000000,0x0000000084de8940,0x0000000090800000)
 Metaspace       used 70238K, committed 71808K, reserved 1114112K
  class space    used 7083K, committed 7744K, reserved 1048576K
}
Event: 239.000 GC heap before
{Heap before GC invocations=645 (full 4):
 PSYoungGen      total 2560K, used 2336K [0x00000000d5580000, 0x00000000d5900000, 0x0000000100000000)
  eden space 2048K, 100% used [0x00000000d5580000,0x00000000d5780000,0x00000000d5780000)
  from space 512K, 56% used [0x00000000d5880000,0x00000000d58c8000,0x00000000d5900000)
  to   space 512K, 0% used [0x00000000d5800000,0x00000000d5800000,0x00000000d5880000)
 ParOldGen       total 270336K, used 79778K [0x0000000080000000, 0x0000000090800000, 0x00000000d5580000)
  object space 270336K, 29% used [0x0000000080000000,0x0000000084de8940,0x0000000090800000)
 Metaspace       used 70249K, committed 71808K, reserved 1114112K
  class space    used 7083K, committed 7744K, reserved 1048576K
}
Event: 239.002 GC heap after
{Heap after GC invocations=645 (full 4):
 PSYoungGen      total 2560K, used 416K [0x00000000d5580000, 0x00000000d5900000, 0x0000000100000000)
  eden space 2048K, 0% used [0x00000000d5580000,0x00000000d5580000,0x00000000d5780000)
  from space 512K, 81% used [0x00000000d5800000,0x00000000d5868020,0x00000000d5880000)
  to   space 512K, 0% used [0x00000000d5880000,0x00000000d5880000,0x00000000d5900000)
 ParOldGen       total 270336K, used 79938K [0x0000000080000000, 0x0000000090800000, 0x00000000d5580000)
  object space 270336K, 29% used [0x0000000080000000,0x0000000084e10940,0x0000000090800000)
 Metaspace       used 70249K, committed 71808K, reserved 1114112K
  class space    used 7083K, committed 7744K, reserved 1048576K
}
Event: 349.813 GC heap before
{Heap before GC invocations=646 (full 4):
 PSYoungGen      total 2560K, used 2464K [0x00000000d5580000, 0x00000000d5900000, 0x0000000100000000)
  eden space 2048K, 100% used [0x00000000d5580000,0x00000000d5780000,0x00000000d5780000)
  from space 512K, 81% used [0x00000000d5800000,0x00000000d5868020,0x00000000d5880000)
  to   space 512K, 0% used [0x00000000d5880000,0x00000000d5880000,0x00000000d5900000)
 ParOldGen       total 270336K, used 79938K [0x0000000080000000, 0x0000000090800000, 0x00000000d5580000)
  object space 270336K, 29% used [0x0000000080000000,0x0000000084e10940,0x0000000090800000)
 Metaspace       used 70418K, committed 72064K, reserved 1114112K
  class space    used 7104K, committed 7808K, reserved 1048576K
}
Event: 349.815 GC heap after
{Heap after GC invocations=646 (full 4):
 PSYoungGen      total 2560K, used 384K [0x00000000d5580000, 0x00000000d5900000, 0x0000000100000000)
  eden space 2048K, 0% used [0x00000000d5580000,0x00000000d5580000,0x00000000d5780000)
  from space 512K, 75% used [0x00000000d5880000,0x00000000d58e0000,0x00000000d5900000)
  to   space 512K, 0% used [0x00000000d5800000,0x00000000d5800000,0x00000000d5880000)
 ParOldGen       total 270336K, used 80178K [0x0000000080000000, 0x0000000090800000, 0x00000000d5580000)
  object space 270336K, 29% used [0x0000000080000000,0x0000000084e4c970,0x0000000090800000)
 Metaspace       used 70418K, committed 72064K, reserved 1114112K
  class space    used 7104K, committed 7808K, reserved 1048576K
}

